<?xml version="1.0" encoding="UTF-8"?>
<coverage generated="1505526740387" clover="3.2.0">
  <project timestamp="1505526740387" name="All files">
    <metrics statements="45" coveredstatements="37" conditionals="16" coveredconditionals="15" methods="19" coveredmethods="13" elements="80" coveredelements="65" complexity="0" loc="45" ncloc="45" packages="2" files="2" classes="2">
      <package name="__test__">
        <metrics statements="5" coveredstatements="4" conditionals="0" coveredconditionals="0" methods="1" coveredmethods="0"/>
        <file name="jestsetup.js" path="/Users/ebfjunior/Sites/desafio-story-touch/__test__/jestsetup.js">
          <metrics statements="5" coveredstatements="4" conditionals="0" coveredconditionals="0" methods="1" coveredmethods="0"/>
          <line num="2" count="1" type="stmt"/>
          <line num="3" count="1" type="stmt"/>
          <line num="4" count="1" type="stmt"/>
          <line num="6" count="1" type="stmt"/>
          <line num="7" count="0" type="stmt"/>
        </file>
      </package>
      <package name="src.business">
        <metrics statements="40" coveredstatements="33" conditionals="16" coveredconditionals="15" methods="18" coveredmethods="13"/>
        <file name="sonda.js" path="/Users/ebfjunior/Sites/desafio-story-touch/src/business/sonda.js">
          <metrics statements="40" coveredstatements="33" conditionals="16" coveredconditionals="15" methods="18" coveredmethods="13"/>
          <line num="3" count="18" type="stmt"/>
          <line num="4" count="18" type="stmt"/>
          <line num="5" count="18" type="stmt"/>
          <line num="6" count="18" type="stmt"/>
          <line num="9" count="8" type="stmt"/>
          <line num="10" count="8" type="stmt"/>
          <line num="13" count="8" type="stmt"/>
          <line num="14" count="8" type="stmt"/>
          <line num="17" count="14" type="stmt"/>
          <line num="19" count="14" type="cond" truecount="4" falsecount="0"/>
          <line num="21" count="5" type="stmt"/>
          <line num="22" count="5" type="stmt"/>
          <line num="24" count="3" type="stmt"/>
          <line num="25" count="3" type="stmt"/>
          <line num="27" count="3" type="stmt"/>
          <line num="28" count="3" type="stmt"/>
          <line num="30" count="3" type="stmt"/>
          <line num="31" count="3" type="stmt"/>
          <line num="34" count="14" type="cond" truecount="2" falsecount="0"/>
          <line num="35" count="8" type="stmt"/>
          <line num="36" count="8" type="stmt"/>
          <line num="38" count="8" type="cond" truecount="1" falsecount="1"/>
          <line num="43" count="0" type="stmt"/>
          <line num="44" count="0" type="stmt"/>
          <line num="47" count="6" type="stmt"/>
          <line num="48" count="6" type="stmt"/>
          <line num="53" count="1" type="stmt"/>
          <line num="56" count="0" type="stmt"/>
          <line num="60" count="45" type="stmt"/>
          <line num="63" count="6" type="stmt"/>
          <line num="67" count="1" type="stmt"/>
          <line num="70" count="0" type="stmt"/>
          <line num="74" count="45" type="stmt"/>
          <line num="77" count="6" type="stmt"/>
          <line num="81" count="1" type="stmt"/>
          <line num="84" count="0" type="stmt"/>
          <line num="88" count="39" type="stmt"/>
          <line num="91" count="16" type="stmt"/>
          <line num="95" count="0" type="stmt"/>
          <line num="98" count="0" type="stmt"/>
        </file>
      </package>
    </metrics>
  </project>
</coverage>
