{"/Users/ebfjunior/Sites/desafio-story-touch/__test__/jestsetup.js": {"path":"/Users/ebfjunior/Sites/desafio-story-touch/__test__/jestsetup.js","statementMap":{"0":{"start":{"line":2,"column":0},"end":{"line":2,"column":25}},"1":{"start":{"line":3,"column":0},"end":{"line":3,"column":23}},"2":{"start":{"line":4,"column":0},"end":{"line":4,"column":21}},"3":{"start":{"line":6,"column":0},"end":{"line":8,"column":2}},"4":{"start":{"line":7,"column":3},"end":{"line":7,"column":28}}},"fnMap":{"0":{"name":"(anonymous_0)","decl":{"start":{"line":6,"column":16},"end":{"line":6,"column":17}},"loc":{"start":{"line":6,"column":27},"end":{"line":8,"column":1}},"line":6}},"branchMap":{},"s":{"0":1,"1":1,"2":1,"3":1,"4":0},"f":{"0":0},"b":{},"_coverageSchema":"332fd63041d2c1bcb487cc26dd0d5f7d97098a6c","hash":"2ff25160dbb77c1d977ea4136bea9a3f5adca560"}
,"/Users/ebfjunior/Sites/desafio-story-touch/src/business/sonda.js": {"path":"/Users/ebfjunior/Sites/desafio-story-touch/src/business/sonda.js","statementMap":{"0":{"start":{"line":3,"column":4},"end":{"line":3,"column":47}},"1":{"start":{"line":4,"column":4},"end":{"line":4,"column":47}},"2":{"start":{"line":5,"column":4},"end":{"line":5,"column":51}},"3":{"start":{"line":6,"column":4},"end":{"line":6,"column":30}},"4":{"start":{"line":9,"column":26},"end":{"line":9,"column":60}},"5":{"start":{"line":10,"column":4},"end":{"line":10,"column":61}},"6":{"start":{"line":13,"column":26},"end":{"line":13,"column":60}},"7":{"start":{"line":14,"column":4},"end":{"line":14,"column":61}},"8":{"start":{"line":17,"column":45},"end":{"line":17,"column":49}},"9":{"start":{"line":19,"column":4},"end":{"line":32,"column":5}},"10":{"start":{"line":21,"column":6},"end":{"line":21,"column":13}},"11":{"start":{"line":22,"column":6},"end":{"line":22,"column":12}},"12":{"start":{"line":24,"column":6},"end":{"line":24,"column":13}},"13":{"start":{"line":25,"column":6},"end":{"line":25,"column":12}},"14":{"start":{"line":27,"column":6},"end":{"line":27,"column":13}},"15":{"start":{"line":28,"column":6},"end":{"line":28,"column":12}},"16":{"start":{"line":30,"column":6},"end":{"line":30,"column":13}},"17":{"start":{"line":31,"column":6},"end":{"line":31,"column":12}},"18":{"start":{"line":34,"column":4},"end":{"line":49,"column":3}},"19":{"start":{"line":35,"column":6},"end":{"line":35,"column":65}},"20":{"start":{"line":36,"column":6},"end":{"line":36,"column":65}},"21":{"start":{"line":38,"column":6},"end":{"line":45,"column":5}},"22":{"start":{"line":43,"column":8},"end":{"line":43,"column":29}},"23":{"start":{"line":44,"column":6},"end":{"line":44,"column":27}},"24":{"start":{"line":47,"column":4},"end":{"line":47,"column":25}},"25":{"start":{"line":48,"column":4},"end":{"line":48,"column":25}},"26":{"start":{"line":53,"column":2},"end":{"line":53,"column":17}},"27":{"start":{"line":56,"column":2},"end":{"line":56,"column":14}},"28":{"start":{"line":60,"column":2},"end":{"line":60,"column":24}},"29":{"start":{"line":63,"column":2},"end":{"line":63,"column":28}},"30":{"start":{"line":67,"column":2},"end":{"line":67,"column":17}},"31":{"start":{"line":70,"column":2},"end":{"line":70,"column":14}},"32":{"start":{"line":74,"column":2},"end":{"line":74,"column":24}},"33":{"start":{"line":77,"column":2},"end":{"line":77,"column":28}},"34":{"start":{"line":81,"column":2},"end":{"line":81,"column":23}},"35":{"start":{"line":84,"column":2},"end":{"line":84,"column":26}},"36":{"start":{"line":88,"column":2},"end":{"line":88,"column":30}},"37":{"start":{"line":91,"column":2},"end":{"line":91,"column":40}},"38":{"start":{"line":95,"column":2},"end":{"line":95,"column":24}},"39":{"start":{"line":98,"column":2},"end":{"line":98,"column":28}}},"fnMap":{"0":{"name":"(anonymous_0)","decl":{"start":{"line":2,"column":2},"end":{"line":2,"column":3}},"loc":{"start":{"line":2,"column":43},"end":{"line":7,"column":3}},"line":2},"1":{"name":"(anonymous_1)","decl":{"start":{"line":8,"column":2},"end":{"line":8,"column":3}},"loc":{"start":{"line":8,"column":10},"end":{"line":11,"column":3}},"line":8},"2":{"name":"(anonymous_2)","decl":{"start":{"line":12,"column":2},"end":{"line":12,"column":3}},"loc":{"start":{"line":12,"column":9},"end":{"line":15,"column":3}},"line":12},"3":{"name":"(anonymous_3)","decl":{"start":{"line":16,"column":2},"end":{"line":16,"column":3}},"loc":{"start":{"line":16,"column":38},"end":{"line":50,"column":1}},"line":16},"4":{"name":"(anonymous_4)","decl":{"start":{"line":52,"column":0},"end":{"line":52,"column":1}},"loc":{"start":{"line":52,"column":8},"end":{"line":54,"column":1}},"line":52},"5":{"name":"(anonymous_5)","decl":{"start":{"line":55,"column":0},"end":{"line":55,"column":1}},"loc":{"start":{"line":55,"column":9},"end":{"line":57,"column":1}},"line":55},"6":{"name":"(anonymous_6)","decl":{"start":{"line":59,"column":0},"end":{"line":59,"column":1}},"loc":{"start":{"line":59,"column":15},"end":{"line":61,"column":1}},"line":59},"7":{"name":"(anonymous_7)","decl":{"start":{"line":62,"column":0},"end":{"line":62,"column":1}},"loc":{"start":{"line":62,"column":23},"end":{"line":64,"column":1}},"line":62},"8":{"name":"(anonymous_8)","decl":{"start":{"line":66,"column":0},"end":{"line":66,"column":1}},"loc":{"start":{"line":66,"column":8},"end":{"line":68,"column":1}},"line":66},"9":{"name":"(anonymous_9)","decl":{"start":{"line":69,"column":0},"end":{"line":69,"column":1}},"loc":{"start":{"line":69,"column":9},"end":{"line":71,"column":1}},"line":69},"10":{"name":"(anonymous_10)","decl":{"start":{"line":73,"column":0},"end":{"line":73,"column":1}},"loc":{"start":{"line":73,"column":15},"end":{"line":75,"column":1}},"line":73},"11":{"name":"(anonymous_11)","decl":{"start":{"line":76,"column":0},"end":{"line":76,"column":1}},"loc":{"start":{"line":76,"column":23},"end":{"line":78,"column":1}},"line":76},"12":{"name":"(anonymous_12)","decl":{"start":{"line":80,"column":0},"end":{"line":80,"column":1}},"loc":{"start":{"line":80,"column":14},"end":{"line":82,"column":1}},"line":80},"13":{"name":"(anonymous_13)","decl":{"start":{"line":83,"column":0},"end":{"line":83,"column":1}},"loc":{"start":{"line":83,"column":21},"end":{"line":85,"column":1}},"line":83},"14":{"name":"(anonymous_14)","decl":{"start":{"line":87,"column":0},"end":{"line":87,"column":1}},"loc":{"start":{"line":87,"column":21},"end":{"line":89,"column":1}},"line":87},"15":{"name":"(anonymous_15)","decl":{"start":{"line":90,"column":0},"end":{"line":90,"column":1}},"loc":{"start":{"line":90,"column":35},"end":{"line":92,"column":1}},"line":90},"16":{"name":"(anonymous_16)","decl":{"start":{"line":94,"column":0},"end":{"line":94,"column":1}},"loc":{"start":{"line":94,"column":15},"end":{"line":96,"column":1}},"line":94},"17":{"name":"(anonymous_17)","decl":{"start":{"line":97,"column":0},"end":{"line":97,"column":1}},"loc":{"start":{"line":97,"column":23},"end":{"line":99,"column":1}},"line":97}},"branchMap":{"0":{"loc":{"start":{"line":16,"column":7},"end":{"line":16,"column":18}},"type":"default-arg","locations":[{"start":{"line":16,"column":16},"end":{"line":16,"column":18}}],"line":16},"1":{"loc":{"start":{"line":16,"column":20},"end":{"line":16,"column":36}},"type":"default-arg","locations":[{"start":{"line":16,"column":34},"end":{"line":16,"column":36}}],"line":16},"2":{"loc":{"start":{"line":19,"column":4},"end":{"line":32,"column":5}},"type":"switch","locations":[{"start":{"line":20,"column":6},"end":{"line":22,"column":12}},{"start":{"line":23,"column":6},"end":{"line":25,"column":12}},{"start":{"line":26,"column":6},"end":{"line":28,"column":12}},{"start":{"line":29,"column":6},"end":{"line":31,"column":12}}],"line":19},"3":{"loc":{"start":{"line":34,"column":4},"end":{"line":49,"column":3}},"type":"if","locations":[{"start":{"line":34,"column":4},"end":{"line":49,"column":3}},{"start":{"line":34,"column":4},"end":{"line":49,"column":3}}],"line":34},"4":{"loc":{"start":{"line":38,"column":6},"end":{"line":45,"column":5}},"type":"if","locations":[{"start":{"line":38,"column":6},"end":{"line":45,"column":5}},{"start":{"line":38,"column":6},"end":{"line":45,"column":5}}],"line":38},"5":{"loc":{"start":{"line":39,"column":9},"end":{"line":41,"column":81}},"type":"binary-expr","locations":[{"start":{"line":39,"column":10},"end":{"line":39,"column":19}},{"start":{"line":39,"column":23},"end":{"line":39,"column":43}},{"start":{"line":40,"column":10},"end":{"line":40,"column":19}},{"start":{"line":40,"column":23},"end":{"line":40,"column":44}},{"start":{"line":41,"column":10},"end":{"line":41,"column":43}},{"start":{"line":41,"column":47},"end":{"line":41,"column":80}}],"line":39}},"s":{"0":18,"1":18,"2":18,"3":18,"4":8,"5":8,"6":8,"7":8,"8":14,"9":14,"10":5,"11":5,"12":3,"13":3,"14":3,"15":3,"16":3,"17":3,"18":14,"19":8,"20":8,"21":8,"22":0,"23":0,"24":6,"25":6,"26":1,"27":0,"28":45,"29":6,"30":1,"31":0,"32":45,"33":6,"34":1,"35":0,"36":39,"37":16,"38":0,"39":0},"f":{"0":18,"1":8,"2":8,"3":14,"4":1,"5":0,"6":45,"7":6,"8":1,"9":0,"10":45,"11":6,"12":1,"13":0,"14":39,"15":16,"16":0,"17":0},"b":{"0":[6],"1":[6],"2":[5,3,3,3],"3":[8,6],"4":[0,8],"5":[8,7,6,5,4,4]},"_coverageSchema":"332fd63041d2c1bcb487cc26dd0d5f7d97098a6c","hash":"a2f1bf9fdf5e6814f7586688ff61b3bdeb6bf2c6"}
}
