TN:
SF:/Users/ebfjunior/Sites/desafio-story-touch/__test__/jestsetup.js
FN:6,(anonymous_0)
FNF:1
FNH:0
FNDA:0,(anonymous_0)
DA:2,1
DA:3,1
DA:4,1
DA:6,1
DA:7,0
LF:5
LH:4
BRF:0
BRH:0
end_of_record
TN:
SF:/Users/ebfjunior/Sites/desafio-story-touch/src/business/sonda.js
FN:2,(anonymous_0)
FN:8,(anonymous_1)
FN:12,(anonymous_2)
FN:16,(anonymous_3)
FN:52,(anonymous_4)
FN:55,(anonymous_5)
FN:59,(anonymous_6)
FN:62,(anonymous_7)
FN:66,(anonymous_8)
FN:69,(anonymous_9)
FN:73,(anonymous_10)
FN:76,(anonymous_11)
FN:80,(anonymous_12)
FN:83,(anonymous_13)
FN:87,(anonymous_14)
FN:90,(anonymous_15)
FN:94,(anonymous_16)
FN:97,(anonymous_17)
FNF:18
FNH:13
FNDA:18,(anonymous_0)
FNDA:8,(anonymous_1)
FNDA:8,(anonymous_2)
FNDA:14,(anonymous_3)
FNDA:1,(anonymous_4)
FNDA:0,(anonymous_5)
FNDA:45,(anonymous_6)
FNDA:6,(anonymous_7)
FNDA:1,(anonymous_8)
FNDA:0,(anonymous_9)
FNDA:45,(anonymous_10)
FNDA:6,(anonymous_11)
FNDA:1,(anonymous_12)
FNDA:0,(anonymous_13)
FNDA:39,(anonymous_14)
FNDA:16,(anonymous_15)
FNDA:0,(anonymous_16)
FNDA:0,(anonymous_17)
DA:3,18
DA:4,18
DA:5,18
DA:6,18
DA:9,8
DA:10,8
DA:13,8
DA:14,8
DA:17,14
DA:19,14
DA:21,5
DA:22,5
DA:24,3
DA:25,3
DA:27,3
DA:28,3
DA:30,3
DA:31,3
DA:34,14
DA:35,8
DA:36,8
DA:38,8
DA:43,0
DA:44,0
DA:47,6
DA:48,6
DA:53,1
DA:56,0
DA:60,45
DA:63,6
DA:67,1
DA:70,0
DA:74,45
DA:77,6
DA:81,1
DA:84,0
DA:88,39
DA:91,16
DA:95,0
DA:98,0
LF:40
LH:33
BRDA:16,0,0,6
BRDA:16,1,0,6
BRDA:19,2,0,5
BRDA:19,2,1,3
BRDA:19,2,2,3
BRDA:19,2,3,3
BRDA:34,3,0,8
BRDA:34,3,1,6
BRDA:38,4,0,0
BRDA:38,4,1,8
BRDA:39,5,0,8
BRDA:39,5,1,7
BRDA:39,5,2,6
BRDA:39,5,3,5
BRDA:39,5,4,4
BRDA:39,5,5,4
BRF:16
BRH:15
end_of_record
